Performing C SOURCE FILE Test CMAKE_HAVE_LIBC_PTHREAD failed with the following output:
Change Dir: /home/martaiborra/c-blosc2/cmake-build-debug/CMakeFiles/CMakeTmp

Run Build Command(s):/usr/bin/make cmTC_6907c/fast && /usr/bin/make -f CMakeFiles/cmTC_6907c.dir/build.make CMakeFiles/cmTC_6907c.dir/build
make[1]: Entering directory '/home/martaiborra/c-blosc2/cmake-build-debug/CMakeFiles/CMakeTmp'
Building C object CMakeFiles/cmTC_6907c.dir/src.c.o
/usr/bin/cc   -std=gnu99 -std=gnu99 -DCMAKE_HAVE_LIBC_PTHREAD   -o CMakeFiles/cmTC_6907c.dir/src.c.o   -c /home/martaiborra/c-blosc2/cmake-build-debug/CMakeFiles/CMakeTmp/src.c
Linking C executable cmTC_6907c
/usr/bin/cmake -E cmake_link_script CMakeFiles/cmTC_6907c.dir/link.txt --verbose=1
/usr/bin/cc  -std=gnu99 -std=gnu99 -DCMAKE_HAVE_LIBC_PTHREAD    -rdynamic CMakeFiles/cmTC_6907c.dir/src.c.o  -o cmTC_6907c 
/usr/bin/ld: CMakeFiles/cmTC_6907c.dir/src.c.o: in function `main':
src.c:(.text+0x46): undefined reference to `pthread_create'
/usr/bin/ld: src.c:(.text+0x52): undefined reference to `pthread_detach'
/usr/bin/ld: src.c:(.text+0x63): undefined reference to `pthread_join'
collect2: error: ld returned 1 exit status
make[1]: *** [CMakeFiles/cmTC_6907c.dir/build.make:87: cmTC_6907c] Error 1
make[1]: Leaving directory '/home/martaiborra/c-blosc2/cmake-build-debug/CMakeFiles/CMakeTmp'
make: *** [Makefile:121: cmTC_6907c/fast] Error 2


Source file was:
#include <pthread.h>

void* test_func(void* data)
{
  return data;
}

int main(void)
{
  pthread_t thread;
  pthread_create(&thread, NULL, test_func, NULL);
  pthread_detach(thread);
  pthread_join(thread, NULL);
  pthread_atfork(NULL, NULL, NULL);
  pthread_exit(NULL);

  return 0;
}

Determining if the function pthread_create exists in the pthreads failed with the following output:
Change Dir: /home/martaiborra/c-blosc2/cmake-build-debug/CMakeFiles/CMakeTmp

Run Build Command(s):/usr/bin/make cmTC_969e7/fast && /usr/bin/make -f CMakeFiles/cmTC_969e7.dir/build.make CMakeFiles/cmTC_969e7.dir/build
make[1]: Entering directory '/home/martaiborra/c-blosc2/cmake-build-debug/CMakeFiles/CMakeTmp'
Building C object CMakeFiles/cmTC_969e7.dir/CheckFunctionExists.c.o
/usr/bin/cc   -std=gnu99 -std=gnu99 -DCHECK_FUNCTION_EXISTS=pthread_create   -o CMakeFiles/cmTC_969e7.dir/CheckFunctionExists.c.o   -c /usr/share/cmake-3.16/Modules/CheckFunctionExists.c
Linking C executable cmTC_969e7
/usr/bin/cmake -E cmake_link_script CMakeFiles/cmTC_969e7.dir/link.txt --verbose=1
/usr/bin/cc  -std=gnu99 -std=gnu99 -DCHECK_FUNCTION_EXISTS=pthread_create    -rdynamic CMakeFiles/cmTC_969e7.dir/CheckFunctionExists.c.o  -o cmTC_969e7  -lpthreads 
/usr/bin/ld: cannot find -lpthreads
collect2: error: ld returned 1 exit status
make[1]: *** [CMakeFiles/cmTC_969e7.dir/build.make:87: cmTC_969e7] Error 1
make[1]: Leaving directory '/home/martaiborra/c-blosc2/cmake-build-debug/CMakeFiles/CMakeTmp'
make: *** [Makefile:121: cmTC_969e7/fast] Error 2



